<?xml version="1.0" encoding="UTF-8"?>
<testng-results ignored="0" total="1" passed="1" failed="0" skipped="0">
  <reporter-output>
  </reporter-output>
  <suite started-at="2022-01-03T19:34:09 IST" name="Default suite" finished-at="2022-01-03T19:34:12 IST" duration-ms="2941">
    <groups>
    </groups>
    <test started-at="2022-01-03T19:34:09 IST" name="Default test" finished-at="2022-01-03T19:34:12 IST" duration-ms="2941">
      <class name="Weather.GETBookStoreAPI">
        <test-method is-config="true" signature="setReference()[pri:0, instance:Weather.GETBookStoreAPI@156b88f5]" started-at="2022-01-03T19:34:09 IST" name="setReference" finished-at="2022-01-03T19:34:09 IST" duration-ms="10" status="PASS">
          <reporter-output>
          </reporter-output>
        </test-method> <!-- setReference -->
        <test-method signature="seturipath()[pri:0, instance:Weather.GETBookStoreAPI@156b88f5]" started-at="2022-01-03T19:34:09 IST" name="seturipath" finished-at="2022-01-03T19:34:12 IST" duration-ms="2817" status="PASS">
          <reporter-output>
          </reporter-output>
        </test-method> <!-- seturipath -->
      </class> <!-- Weather.GETBookStoreAPI -->
    </test> <!-- Default test -->
  </suite> <!-- Default suite -->
</testng-results>
